This is pdfTeX, Version 3.1415926-2.5-1.40.14 (TeX Live 2013/Debian) (format=pdflatex 2015.12.22)  6 APR 2017 18:58
entering extended mode
 restricted \write18 enabled.
 %&-line parsing enabled.
**raport_p1-474.lyx
(./raport_p1-474.lyx
LaTeX2e <2011/06/27>
Babel <3.9h> and hyphenation patterns for 78 languages loaded.
! You can't use `macro parameter character #' in vertical mode.
l.1 #
     LyX 2.1 created this file. For more info see http://www.lyx.org/
? 

! LaTeX Error: Missing \begin{document}.

See the LaTeX manual or LaTeX Companion for explanation.
Type  H <return>  for immediate help.
 ...                                              
                                                  
l.1 #L
      yX 2.1 created this file. For more info see http://www.lyx.org/
? 
Missing character: There is no L in font nullfont!
Missing character: There is no y in font nullfont!
Missing character: There is no X in font nullfont!
Missing character: There is no 2 in font nullfont!
Missing character: There is no . in font nullfont!
Missing character: There is no 1 in font nullfont!
Missing character: There is no c in font nullfont!
Missing character: There is no r in font nullfont!
Missing character: There is no e in font nullfont!
Missing character: There is no a in font nullfont!
Missing character: There is no t in font nullfont!
Missing character: There is no e in font nullfont!
Missing character: There is no d in font nullfont!
Missing character: There is no t in font nullfont!
Missing character: There is no h in font nullfont!
Missing character: There is no i in font nullfont!
Missing character: There is no s in font nullfont!
Missing character: There is no f in font nullfont!
Missing character: There is no i in font nullfont!
Missing character: There is no l in font nullfont!
Missing character: There is no e in font nullfont!
Missing character: There is no . in font nullfont!
Missing character: There is no F in font nullfont!
Missing character: There is no o in font nullfont!
Missing character: There is no r in font nullfont!
Missing character: There is no m in font nullfont!
Missing character: There is no o in font nullfont!
Missing character: There is no r in font nullfont!
Missing character: There is no e in font nullfont!
Missing character: There is no i in font nullfont!
Missing character: There is no n in font nullfont!
Missing character: There is no f in font nullfont!
Missing character: There is no o in font nullfont!
Missing character: There is no s in font nullfont!
Missing character: There is no e in font nullfont!
Missing character: There is no e in font nullfont!
Missing character: There is no h in font nullfont!
Missing character: There is no t in font nullfont!
Missing character: There is no t in font nullfont!
Missing character: There is no p in font nullfont!
Missing character: There is no : in font nullfont!
Missing character: There is no / in font nullfont!
Missing character: There is no / in font nullfont!
Missing character: There is no w in font nullfont!
Missing character: There is no w in font nullfont!
Missing character: There is no w in font nullfont!
Missing character: There is no . in font nullfont!
Missing character: There is no l in font nullfont!
Missing character: There is no y in font nullfont!
Missing character: There is no x in font nullfont!
Missing character: There is no . in font nullfont!
Missing character: There is no o in font nullfont!
Missing character: There is no r in font nullfont!
Missing character: There is no g in font nullfont!
Missing character: There is no / in font nullfont!
! Undefined control sequence.
l.2 \lyxformat
               474
? 
Missing character: There is no 4 in font nullfont!
Missing character: There is no 7 in font nullfont!
Missing character: There is no 4 in font nullfont!
Missing character: There is no d in font nullfont!
Missing character: There is no o in font nullfont!
Missing character: There is no c in font nullfont!
Missing character: There is no u in font nullfont!
Missing character: There is no m in font nullfont!
Missing character: There is no e in font nullfont!
Missing character: There is no n in font nullfont!
Missing character: There is no t in font nullfont!
Missing character: There is no h in font nullfont!
Missing character: There is no e in font nullfont!
Missing character: There is no a in font nullfont!
Missing character: There is no d in font nullfont!
Missing character: There is no e in font nullfont!
Missing character: There is no r in font nullfont!
! Undefined control sequence.
l.5 \textclass
               article
? 
Missing character: There is no a in font nullfont!
Missing character: There is no r in font nullfont!
Missing character: There is no t in font nullfont!
Missing character: There is no i in font nullfont!
Missing character: There is no c in font nullfont!
Missing character: There is no l in font nullfont!
Missing character: There is no e in font nullfont!
Missing character: There is no p in font nullfont!
Missing character: There is no r in font nullfont!
Missing character: There is no e in font nullfont!
Missing character: There is no a in font nullfont!
Missing character: There is no m in font nullfont!
Missing character: There is no b in font nullfont!
Missing character: There is no l in font nullfont!
Missing character: There is no e in font nullfont!

! LaTeX Error: \usepackage before \documentclass.

See the LaTeX manual or LaTeX Companion for explanation.
Type  H <return>  for immediate help.
 ...                                              
                                                  
l.7 \usepackage{
                lscape}
? 

! LaTeX Error: \usepackage before \documentclass.

See the LaTeX manual or LaTeX Companion for explanation.
Type  H <return>  for immediate help.
 ...                                              
                                                  
l.8 \usepackage{
                afterpage}
? 

! LaTeX Error: \usepackage before \documentclass.

See the LaTeX manual or LaTeX Companion for explanation.
Type  H <return>  for immediate help.
 ...                                              
                                                  
l.9 \usepackage{
                geometry}
? 
Missing character: There is no p in font nullfont!
Missing character: There is no r in font nullfont!
Missing character: There is no e in font nullfont!
Missing character: There is no a in font nullfont!
Missing character: There is no m in font nullfont!
Missing character: There is no b in font nullfont!
Missing character: There is no l in font nullfont!
Missing character: There is no e in font nullfont!
! Undefined control sequence.
l.11 \use
         _default_options true
? 
! Missing $ inserted.
<inserted text> 
                $
l.11 \use_
          default_options true
? 
LaTeX Font Info:    External font `cmex10' loaded for size
(Font)              <7> on input line 11.
LaTeX Font Info:    External font `cmex10' loaded for size
(Font)              <5> on input line 11.
! Undefined control sequence.
l.12 \maintain
              _unincluded_children false
? 
! Missing number, treated as zero.
<to be read again> 
                   e
l.13 \language e
                nglish
? 
! Missing number, treated as zero.
<to be read again> 
                   _
l.14 \language_
               package default
? 
! Undefined control sequence.
l.15 \inputencoding
                    auto
? 

! LaTeX Error: Encoding scheme `g' unknown.

See the LaTeX manual or LaTeX Companion for explanation.
Type  H <return>  for immediate help.
 ...                                              
                                                  
l.16 \fontencoding g
                    lobal
? 
! Missing control sequence inserted.
<inserted text> 
                \inaccessible 
l.17 \font_
           roman default
? 
! Font \inaccessible=_roman not loadable: Metric (TFM) file not found.
<to be read again> 
                   d
l.17 \font_roman d
                  efault
? 
! Missing control sequence inserted.
<inserted text> 
                \inaccessible 
l.18 \font_
           sans default
? 
! Font \inaccessible=_sans not loadable: Metric (TFM) file not found.
<to be read again> 
                   d
l.18 \font_sans d
                 efault
? 
! Missing control sequence inserted.
<inserted text> 
                \inaccessible 
l.19 \font_
           typewriter default
? 
! Font \inaccessible=_typewriter not loadable: Metric (TFM) file not found.
<to be read again> 
                   d
l.19 \font_typewriter d
                       efault
? 
! Missing control sequence inserted.
<inserted text> 
                \inaccessible 
l.20 \font_
           math auto
? 
! Font \inaccessible=_math not loadable: Metric (TFM) file not found.
<to be read again> 
                   a
l.20 \font_math au
                  to
? 
! Missing control sequence inserted.
<inserted text> 
                \inaccessible 
l.21 \font_
           default_family default
? 
! Font \inaccessible=_default_family not loadable: Metric (TFM) file not found.
<to be read again> 
                   d
l.21 \font_default_family d
                           efault
? 
! Undefined control sequence.
l.22 \use
         _non_tex_fonts false
? 
! Missing control sequence inserted.
<inserted text> 
                \inaccessible 
l.23 \font_
           sc false
? 
! Font \inaccessible=_sc not loadable: Metric (TFM) file not found.
<to be read again> 
                   f
l.23 \font_sc f
               alse
? 
! Missing control sequence inserted.
<inserted text> 
                \inaccessible 
l.24 \font_
           osf false
? 
! Font \inaccessible=_osf not loadable: Metric (TFM) file not found.
<to be read again> 
                   f
l.24 \font_osf f
                alse
? 
! Missing control sequence inserted.
<inserted text> 
                \inaccessible 
l.25 \font_
           sf_scale 100
? 
! Font \inaccessible=_sf_scale not loadable: Metric (TFM) file not found.
<to be read again> 
                   1
l.25 \font_sf_scale 1
                     00
? 
! Missing control sequence inserted.
<inserted text> 
                \inaccessible 
l.26 \font_
           tt_scale 100
? 
! Font \inaccessible=_tt_scale not loadable: Metric (TFM) file not found.
<to be read again> 
                   1
l.26 \font_tt_scale 1
                     00
? 
! Undefined control sequence.
l.27 \graphics
               default
? 
! Undefined control sequence.
l.28 \default
             _output_format default
? 
! Missing { inserted.
<to be read again> 
                   _
l.29 \output_
             sync 0
? 
)
Runaway text?
_sync 0 \bibtex _command default \index _command default \paperfontsize \ETC.
! File ended while scanning text of \output.
<inserted text> 
                }
<*> raport_p1-474.lyx
                     
? 

*
! Missing $ inserted.
<inserted text> 
                $
<*> 
    
? 

Overfull \hbox (20.0pt too wide) in paragraph at lines 1--0
[]
 []


Overfull \hbox (773.19388pt too wide) in paragraph at lines 1--0
[]\OML/cmm/m/it/10 efault[]ptionstrue[]nincluded[]hildrenfalseenglish[]ackagede
faultautolobaldefaultdefaultdefaultautodefault[]on[]ex[]ontsfalsefalsefalse\OT1
/cmr/m/n/10 100100\OML/cmm/m/it/10 default[]utput[]ormatdefault$ 
 []

(Please type a command or say `\end')
*
(Please type a command or say `\end')
*
(Please type a command or say `\end')
*
(Please type a command or say `\end')
*
(Please type a command or say `\end')
*
(Please type a command or say `\end')
*
(Please type a command or say `\end')
*\end

*
Runaway argument?
! Paragraph ended before \end was complete.
<to be read again> 
                   \par 
<*> 
    
? \par
Type <return> to proceed, S to scroll future error messages,
R to run without stopping, Q to run quietly,
I to insert something, 
1 or ... or 9 to ignore the next 1 to 9 tokens of input,
H for help, X to quit.
? 
(Please type a command or say `\end')
*\end

*\end
! TeX capacity exceeded, sorry [input stack size=5000].
\end #1->\csname end#1
                      \endcsname \@checkend {#1}\expandafter \endgroup \if@e...
<*> \end
        
If you really absolutely need more capacity,
you can ask a wizard to enlarge me.

 
Here is how much of TeX's memory you used:
 44 strings out of 493304
 474 string characters out of 6139870
 82953 words of memory out of 5000000
 3593 multiletter control sequences out of 15000+600000
 3640 words of font info for 14 fonts, out of 8000000 for 9000
 957 hyphenation exceptions out of 8191
 5000i,1n,5000p,166b,73s stack positions out of 5000i,500n,10000p,200000b,80000s
!  ==> Fatal error occurred, no output PDF file produced!
